<?xml version="1.0" encoding="UTF-8"?>
<!-- Generated by org.testng.reporters.JUnitXMLReporter -->
<testsuite ignored="1" hostname="EDM" failures="0" tests="3" name="orangeHRMTest" time="40.377" errors="0" timestamp="2025-08-01T15:59:09 IST">
  <testcase classname="com.orangeHRM.test.LoginPageTest" name="loginInvalidCredentials" time="3.091"/>
  <testcase classname="com.orangeHRM.test.LoginPageTest" name="verifyLoginWithValidCredentials" time="7.25"/>
  <testcase classname="com.orangeHRM.test.HomePageTest" name="verifyHRMLogo" time="2.335"/>
  <testcase classname="com.orangehrm.base.BaseClass" name="@BeforeSuite loadConfig" time="0.0">
    <ignored/>
  </testcase> <!-- @BeforeSuite loadConfig -->
</testsuite> <!-- orangeHRMTest -->
