<?xml version="1.0" encoding="UTF-8"?>
<!-- Generated by org.testng.reporters.JUnitXMLReporter -->
<testsuite ignored="1" hostname="EDM" failures="0" tests="3" name="orangeHRMTest" time="49.192" errors="0" timestamp="2025-08-01T16:13:46 IST">
  <testcase classname="com.orangeHRM.test.LoginPageTest" name="loginInvalidCredentials" time="3.957"/>
  <testcase classname="com.orangeHRM.test.LoginPageTest" name="verifyLoginWithValidCredentials" time="8.22"/>
  <testcase classname="com.orangeHRM.test.HomePageTest" name="verifyHRMLogo" time="4.043"/>
  <testcase classname="com.orangehrm.base.BaseClass" name="@BeforeSuite loadConfig" time="0.0">
    <ignored/>
  </testcase> <!-- @BeforeSuite loadConfig -->
</testsuite> <!-- orangeHRMTest -->
