<?xml version="1.0" encoding="UTF-8"?>
<testng-results ignored="0" total="3" passed="3" failed="0" skipped="0">
  <reporter-output>
  </reporter-output>
  <suite started-at="2025-08-01T16:31:51 IST" name="orangeHRMSuite" finished-at="2025-08-01T16:32:36 IST" duration-ms="45045">
    <groups>
    </groups>
    <test started-at="2025-08-01T16:31:51 IST" name="orangeHRMTest" finished-at="2025-08-01T16:32:36 IST" duration-ms="45045">
      <class name="com.orangeHRM.test.HomePageTest">
        <test-method is-config="true" signature="setup()[pri:0, instance:com.orangeHRM.test.HomePageTest@510f3d34]" started-at="2025-08-01T16:32:23 IST" name="setup" finished-at="2025-08-01T16:32:33 IST" duration-ms="9377" status="PASS">
          <reporter-output>
          </reporter-output>
        </test-method> <!-- setup -->
        <test-method is-config="true" signature="setupPages()[pri:0, instance:com.orangeHRM.test.HomePageTest@510f3d34]" started-at="2025-08-01T16:32:33 IST" name="setupPages" finished-at="2025-08-01T16:32:33 IST" duration-ms="0" status="PASS">
          <reporter-output>
          </reporter-output>
        </test-method> <!-- setupPages -->
        <test-method signature="verifyHRMLogo()[pri:0, instance:com.orangeHRM.test.HomePageTest@510f3d34]" started-at="2025-08-01T16:32:33 IST" name="verifyHRMLogo" finished-at="2025-08-01T16:32:35 IST" duration-ms="2420" status="PASS">
          <reporter-output>
          </reporter-output>
        </test-method> <!-- verifyHRMLogo -->
        <test-method is-config="true" signature="tearDown()[pri:0, instance:com.orangeHRM.test.HomePageTest@510f3d34]" started-at="2025-08-01T16:32:35 IST" name="tearDown" finished-at="2025-08-01T16:32:36 IST" duration-ms="780" status="PASS">
          <reporter-output>
          </reporter-output>
        </test-method> <!-- tearDown -->
      </class> <!-- com.orangeHRM.test.HomePageTest -->
      <class name="com.orangeHRM.test.LoginPageTest">
        <test-method is-config="true" signature="loadConfig()[pri:0, instance:com.orangeHRM.test.LoginPageTest@6ed3ccb2]" started-at="2025-08-01T16:31:51 IST" name="loadConfig" finished-at="2025-08-01T16:31:51 IST" duration-ms="15" status="PASS">
          <reporter-output>
          </reporter-output>
        </test-method> <!-- loadConfig -->
        <test-method is-config="true" signature="setup()[pri:0, instance:com.orangeHRM.test.LoginPageTest@6ed3ccb2]" started-at="2025-08-01T16:31:51 IST" name="setup" finished-at="2025-08-01T16:32:03 IST" duration-ms="11955" status="PASS">
          <reporter-output>
          </reporter-output>
        </test-method> <!-- setup -->
        <test-method is-config="true" signature="setupPages()[pri:0, instance:com.orangeHRM.test.LoginPageTest@6ed3ccb2]" started-at="2025-08-01T16:32:03 IST" name="setupPages" finished-at="2025-08-01T16:32:03 IST" duration-ms="7" status="PASS">
          <reporter-output>
          </reporter-output>
        </test-method> <!-- setupPages -->
        <test-method signature="loginInvalidCredentials()[pri:0, instance:com.orangeHRM.test.LoginPageTest@6ed3ccb2]" started-at="2025-08-01T16:32:03 IST" name="loginInvalidCredentials" finished-at="2025-08-01T16:32:05 IST" duration-ms="1913" status="PASS">
          <reporter-output>
          </reporter-output>
        </test-method> <!-- loginInvalidCredentials -->
        <test-method is-config="true" signature="tearDown()[pri:0, instance:com.orangeHRM.test.LoginPageTest@6ed3ccb2]" started-at="2025-08-01T16:32:05 IST" name="tearDown" finished-at="2025-08-01T16:32:05 IST" duration-ms="616" status="PASS">
          <reporter-output>
          </reporter-output>
        </test-method> <!-- tearDown -->
        <test-method is-config="true" signature="setup()[pri:0, instance:com.orangeHRM.test.LoginPageTest@6ed3ccb2]" started-at="2025-08-01T16:32:05 IST" name="setup" finished-at="2025-08-01T16:32:15 IST" duration-ms="9649" status="PASS">
          <reporter-output>
          </reporter-output>
        </test-method> <!-- setup -->
        <test-method signature="verifyLoginWithValidCredentials()[pri:0, instance:com.orangeHRM.test.LoginPageTest@6ed3ccb2]" started-at="2025-08-01T16:32:15 IST" name="verifyLoginWithValidCredentials" finished-at="2025-08-01T16:32:23 IST" duration-ms="7433" status="PASS">
          <reporter-output>
          </reporter-output>
        </test-method> <!-- verifyLoginWithValidCredentials -->
        <test-method is-config="true" signature="setupPages()[pri:0, instance:com.orangeHRM.test.LoginPageTest@6ed3ccb2]" started-at="2025-08-01T16:32:15 IST" name="setupPages" finished-at="2025-08-01T16:32:15 IST" duration-ms="0" status="PASS">
          <reporter-output>
          </reporter-output>
        </test-method> <!-- setupPages -->
        <test-method is-config="true" signature="tearDown()[pri:0, instance:com.orangeHRM.test.LoginPageTest@6ed3ccb2]" started-at="2025-08-01T16:32:23 IST" name="tearDown" finished-at="2025-08-01T16:32:23 IST" duration-ms="807" status="PASS">
          <reporter-output>
          </reporter-output>
        </test-method> <!-- tearDown -->
      </class> <!-- com.orangeHRM.test.LoginPageTest -->
    </test> <!-- orangeHRMTest -->
  </suite> <!-- orangeHRMSuite -->
</testng-results>
