<?xml version="1.0" encoding="UTF-8"?>
<testng-results ignored="0" total="3" passed="3" failed="0" skipped="0">
  <reporter-output>
  </reporter-output>
  <suite started-at="2025-08-01T16:12:56 IST" name="orangeHRMSuite" finished-at="2025-08-01T16:13:46 IST" duration-ms="49192">
    <groups>
    </groups>
    <test started-at="2025-08-01T16:12:56 IST" name="orangeHRMTest" finished-at="2025-08-01T16:13:46 IST" duration-ms="49192">
      <class name="com.orangeHRM.test.HomePageTest">
        <test-method is-config="true" signature="setup()[pri:0, instance:com.orangeHRM.test.HomePageTest@6ad82709]" started-at="2025-08-01T16:13:33 IST" name="setup" finished-at="2025-08-01T16:13:41 IST" duration-ms="8366" status="PASS">
          <reporter-output>
          </reporter-output>
        </test-method> <!-- setup -->
        <test-method signature="verifyHRMLogo()[pri:0, instance:com.orangeHRM.test.HomePageTest@6ad82709]" started-at="2025-08-01T16:13:41 IST" name="verifyHRMLogo" finished-at="2025-08-01T16:13:45 IST" duration-ms="4043" status="PASS">
          <reporter-output>
          </reporter-output>
        </test-method> <!-- verifyHRMLogo -->
        <test-method is-config="true" signature="setupPages()[pri:0, instance:com.orangeHRM.test.HomePageTest@6ad82709]" started-at="2025-08-01T16:13:41 IST" name="setupPages" finished-at="2025-08-01T16:13:41 IST" duration-ms="0" status="PASS">
          <reporter-output>
          </reporter-output>
        </test-method> <!-- setupPages -->
        <test-method is-config="true" signature="tearDown()[pri:0, instance:com.orangeHRM.test.HomePageTest@6ad82709]" started-at="2025-08-01T16:13:45 IST" name="tearDown" finished-at="2025-08-01T16:13:46 IST" duration-ms="686" status="PASS">
          <reporter-output>
          </reporter-output>
        </test-method> <!-- tearDown -->
      </class> <!-- com.orangeHRM.test.HomePageTest -->
      <class name="com.orangeHRM.test.LoginPageTest">
        <test-method is-config="true" signature="loadConfig()[pri:0, instance:com.orangeHRM.test.LoginPageTest@6ed3ccb2]" started-at="2025-08-01T16:12:56 IST" name="loadConfig" finished-at="2025-08-01T16:12:56 IST" duration-ms="17" status="PASS">
          <reporter-output>
          </reporter-output>
        </test-method> <!-- loadConfig -->
        <test-method is-config="true" signature="setup()[pri:0, instance:com.orangeHRM.test.LoginPageTest@6ed3ccb2]" started-at="2025-08-01T16:12:57 IST" name="setup" finished-at="2025-08-01T16:13:09 IST" duration-ms="12866" status="PASS">
          <reporter-output>
          </reporter-output>
        </test-method> <!-- setup -->
        <test-method is-config="true" signature="setupPages()[pri:0, instance:com.orangeHRM.test.LoginPageTest@6ed3ccb2]" started-at="2025-08-01T16:13:09 IST" name="setupPages" finished-at="2025-08-01T16:13:09 IST" duration-ms="23" status="PASS">
          <reporter-output>
          </reporter-output>
        </test-method> <!-- setupPages -->
        <test-method signature="loginInvalidCredentials()[pri:0, instance:com.orangeHRM.test.LoginPageTest@6ed3ccb2]" started-at="2025-08-01T16:13:09 IST" name="loginInvalidCredentials" finished-at="2025-08-01T16:13:13 IST" duration-ms="3957" status="PASS">
          <reporter-output>
          </reporter-output>
        </test-method> <!-- loginInvalidCredentials -->
        <test-method is-config="true" signature="tearDown()[pri:0, instance:com.orangeHRM.test.LoginPageTest@6ed3ccb2]" started-at="2025-08-01T16:13:13 IST" name="tearDown" finished-at="2025-08-01T16:13:14 IST" duration-ms="918" status="PASS">
          <reporter-output>
          </reporter-output>
        </test-method> <!-- tearDown -->
        <test-method is-config="true" signature="setup()[pri:0, instance:com.orangeHRM.test.LoginPageTest@6ed3ccb2]" started-at="2025-08-01T16:13:14 IST" name="setup" finished-at="2025-08-01T16:13:24 IST" duration-ms="9497" status="PASS">
          <reporter-output>
          </reporter-output>
        </test-method> <!-- setup -->
        <test-method is-config="true" signature="setupPages()[pri:0, instance:com.orangeHRM.test.LoginPageTest@6ed3ccb2]" started-at="2025-08-01T16:13:24 IST" name="setupPages" finished-at="2025-08-01T16:13:24 IST" duration-ms="3" status="PASS">
          <reporter-output>
          </reporter-output>
        </test-method> <!-- setupPages -->
        <test-method signature="verifyLoginWithValidCredentials()[pri:0, instance:com.orangeHRM.test.LoginPageTest@6ed3ccb2]" started-at="2025-08-01T16:13:24 IST" name="verifyLoginWithValidCredentials" finished-at="2025-08-01T16:13:32 IST" duration-ms="8220" status="PASS">
          <reporter-output>
          </reporter-output>
        </test-method> <!-- verifyLoginWithValidCredentials -->
        <test-method is-config="true" signature="tearDown()[pri:0, instance:com.orangeHRM.test.LoginPageTest@6ed3ccb2]" started-at="2025-08-01T16:13:32 IST" name="tearDown" finished-at="2025-08-01T16:13:32 IST" duration-ms="462" status="PASS">
          <reporter-output>
          </reporter-output>
        </test-method> <!-- tearDown -->
      </class> <!-- com.orangeHRM.test.LoginPageTest -->
    </test> <!-- orangeHRMTest -->
  </suite> <!-- orangeHRMSuite -->
</testng-results>
